2024-11-27 20:51:58 0 [Note] Starting MariaDB 10.11.4-MariaDB source revision 4e2b93dffef2414a11ca5edc8d215f57ee5010e5 as process 13179
2024-11-27 20:51:58 0 [Note] InnoDB: Compressed tables use zlib 1.2.13
2024-11-27 20:51:58 0 [Note] InnoDB: Number of transaction pools: 1
2024-11-27 20:51:58 0 [Note] InnoDB: Using generic crc32 instructions
2024-11-27 20:51:58 0 [Note] libmariadbd-10.11.4.so: O_TMPFILE is not supported on /storage/emulated/0/Venter/HopWeb/Projects/Finals_WebProg/.hopweb/mysql/tmp (disabling future attempts)
2024-11-27 20:51:58 0 [Note] InnoDB: Initializing buffer pool, total size = 128.000MiB, chunk size = 2.000MiB
2024-11-27 20:51:58 0 [Note] InnoDB: Completed initialization of buffer pool
2024-11-27 20:51:58 0 [Note] InnoDB: Buffered log writes (block size=512 bytes)
2024-11-27 20:51:58 0 [Note] InnoDB: Starting crash recovery from checkpoint LSN=46590
2024-11-27 20:51:58 0 [Note] InnoDB: Starting final batch to recover 8 pages from redo log.
2024-11-27 20:51:58 0 [Note] InnoDB: 128 rollback segments are active.
2024-11-27 20:51:58 0 [Note] InnoDB: Removed temporary tablespace data file: "./ibtmp1"
2024-11-27 20:51:58 0 [Note] InnoDB: Setting file './ibtmp1' size to 12.000MiB. Physically writing the file full; Please wait ...
2024-11-27 20:51:58 0 [Note] InnoDB: File './ibtmp1' size is now 12.000MiB.
2024-11-27 20:51:58 0 [Note] InnoDB: log sequence number 47030; transaction id 16
2024-11-27 20:51:58 0 [Note] Plugin 'FEEDBACK' is disabled.
2024-11-27 20:51:58 0 [Note] InnoDB: Loading buffer pool(s) from /storage/emulated/0/Venter/HopWeb/Projects/Finals_WebProg/.hopweb/mysql/data/ib_buffer_pool
2024-11-27 20:51:58 0 [Note] InnoDB: Buffer pool(s) load completed at 241127 20:51:58
2024-11-27 20:51:58 0 [Note] Server socket created on IP: '::'.
2024-11-27 20:51:58 0 [ERROR] Can't start server: Bind on TCP/IP port. Got error: 98: Address already in use
2024-11-27 20:51:58 0 [ERROR] Do you already have another server running on port: 3306 ?
2024-11-27 20:51:58 0 [ERROR] Aborting
2024-11-28 12:26:00 0 [Note] Starting MariaDB 10.11.4-MariaDB source revision 4e2b93dffef2414a11ca5edc8d215f57ee5010e5 as process 24042
2024-11-28 12:26:00 0 [Note] InnoDB: Compressed tables use zlib 1.2.13
2024-11-28 12:26:00 0 [Note] InnoDB: Number of transaction pools: 1
2024-11-28 12:26:00 0 [Note] InnoDB: Using generic crc32 instructions
2024-11-28 12:26:00 0 [Note] libmariadbd-10.11.4.so: O_TMPFILE is not supported on /storage/emulated/0/Venter/HopWeb/Projects/Finals_WebProg/.hopweb/mysql/tmp (disabling future attempts)
2024-11-28 12:26:00 0 [Note] InnoDB: Initializing buffer pool, total size = 128.000MiB, chunk size = 2.000MiB
2024-11-28 12:26:00 0 [Note] InnoDB: Completed initialization of buffer pool
2024-11-28 12:26:00 0 [Note] InnoDB: Buffered log writes (block size=512 bytes)
2024-11-28 12:26:00 0 [Note] InnoDB: 128 rollback segments are active.
2024-11-28 12:26:00 0 [Note] InnoDB: Setting file './ibtmp1' size to 12.000MiB. Physically writing the file full; Please wait ...
2024-11-28 12:26:00 0 [Note] InnoDB: File './ibtmp1' size is now 12.000MiB.
2024-11-28 12:26:00 0 [Note] InnoDB: log sequence number 47062; transaction id 16
2024-11-28 12:26:00 0 [Note] Plugin 'FEEDBACK' is disabled.
2024-11-28 12:26:00 0 [Note] InnoDB: Loading buffer pool(s) from /storage/emulated/0/Venter/HopWeb/Projects/Finals_WebProg/.hopweb/mysql/data/ib_buffer_pool
2024-11-28 12:26:00 0 [Note] InnoDB: Buffer pool(s) load completed at 241128 12:26:00
2024-11-28 12:26:00 0 [Note] Server socket created on IP: '::'.
2024-11-28 12:26:00 0 [Note] Server socket created on IP: '0.0.0.0'.
2024-11-28 12:26:00 0 [Note] /data/app/~~KwEXWKRUf1pV6yR9Pl1yTg==/com.venter.hopweb-CZJISu5VxE23_IS0qLEeIw==/lib/arm64/libmariadbd-10.11.4.so: ready for connections.
Version: '10.11.4-MariaDB'  socket: '/data/data/com.venter.hopweb/files/mysql/mysql.sock'  port: 3306  MariaDB Server
2024-11-28 12:29:41 0 [Note] Starting MariaDB 10.11.4-MariaDB source revision 4e2b93dffef2414a11ca5edc8d215f57ee5010e5 as process 27145
2024-11-28 12:29:41 0 [Note] InnoDB: Compressed tables use zlib 1.2.13
2024-11-28 12:29:41 0 [Note] InnoDB: Number of transaction pools: 1
2024-11-28 12:29:41 0 [Note] InnoDB: Using generic crc32 instructions
2024-11-28 12:29:41 0 [Note] libmariadbd-10.11.4.so: O_TMPFILE is not supported on /storage/emulated/0/Venter/HopWeb/Projects/Finals_WebProg/.hopweb/mysql/tmp (disabling future attempts)
2024-11-28 12:29:41 0 [Note] InnoDB: Initializing buffer pool, total size = 128.000MiB, chunk size = 2.000MiB
2024-11-28 12:29:41 0 [Note] InnoDB: Completed initialization of buffer pool
2024-11-28 12:29:41 0 [Note] InnoDB: Buffered log writes (block size=512 bytes)
2024-11-28 12:29:41 0 [Note] InnoDB: 128 rollback segments are active.
2024-11-28 12:29:41 0 [Note] InnoDB: Removed temporary tablespace data file: "./ibtmp1"
2024-11-28 12:29:41 0 [Note] InnoDB: Setting file './ibtmp1' size to 12.000MiB. Physically writing the file full; Please wait ...
2024-11-28 12:29:41 0 [Note] InnoDB: File './ibtmp1' size is now 12.000MiB.
2024-11-28 12:29:41 0 [Note] InnoDB: log sequence number 47062; transaction id 16
2024-11-28 12:29:41 0 [Note] Plugin 'FEEDBACK' is disabled.
2024-11-28 12:29:41 0 [Note] InnoDB: Loading buffer pool(s) from /storage/emulated/0/Venter/HopWeb/Projects/Finals_WebProg/.hopweb/mysql/data/ib_buffer_pool
2024-11-28 12:29:41 0 [Note] InnoDB: Buffer pool(s) load completed at 241128 12:29:41
2024-11-28 12:29:41 0 [Note] Server socket created on IP: '::'.
2024-11-28 12:29:41 0 [Note] Server socket created on IP: '0.0.0.0'.
2024-11-28 12:29:41 0 [Note] /data/app/~~KwEXWKRUf1pV6yR9Pl1yTg==/com.venter.hopweb-CZJISu5VxE23_IS0qLEeIw==/lib/arm64/libmariadbd-10.11.4.so: ready for connections.
Version: '10.11.4-MariaDB'  socket: '/data/data/com.venter.hopweb/files/mysql/mysql.sock'  port: 3306  MariaDB Server
2024-11-28 12:39:31 0 [Note] Starting MariaDB 10.11.4-MariaDB source revision 4e2b93dffef2414a11ca5edc8d215f57ee5010e5 as process 31404
2024-11-28 12:39:31 0 [Note] InnoDB: Compressed tables use zlib 1.2.13
2024-11-28 12:39:31 0 [Note] InnoDB: Number of transaction pools: 1
2024-11-28 12:39:31 0 [Note] InnoDB: Using generic crc32 instructions
2024-11-28 12:39:31 0 [Note] libmariadbd-10.11.4.so: O_TMPFILE is not supported on /storage/emulated/0/Venter/HopWeb/Projects/Finals_WebProg/.hopweb/mysql/tmp (disabling future attempts)
2024-11-28 12:39:31 0 [Note] InnoDB: Initializing buffer pool, total size = 128.000MiB, chunk size = 2.000MiB
2024-11-28 12:39:31 0 [Note] InnoDB: Completed initialization of buffer pool
2024-11-28 12:39:31 0 [Note] InnoDB: Buffered log writes (block size=512 bytes)
2024-11-28 12:39:31 0 [Note] InnoDB: 128 rollback segments are active.
2024-11-28 12:39:31 0 [Note] InnoDB: Removed temporary tablespace data file: "./ibtmp1"
2024-11-28 12:39:31 0 [Note] InnoDB: Setting file './ibtmp1' size to 12.000MiB. Physically writing the file full; Please wait ...
2024-11-28 12:39:31 0 [Note] InnoDB: File './ibtmp1' size is now 12.000MiB.
2024-11-28 12:39:31 0 [Note] InnoDB: log sequence number 47062; transaction id 16
2024-11-28 12:39:31 0 [Note] Plugin 'FEEDBACK' is disabled.
2024-11-28 12:39:31 0 [Note] InnoDB: Loading buffer pool(s) from /storage/emulated/0/Venter/HopWeb/Projects/Finals_WebProg/.hopweb/mysql/data/ib_buffer_pool
2024-11-28 12:39:31 0 [Note] InnoDB: Buffer pool(s) load completed at 241128 12:39:31
2024-11-28 12:39:31 0 [Note] Server socket created on IP: '::'.
2024-11-28 12:39:31 0 [ERROR] Can't start server: Bind on TCP/IP port. Got error: 98: Address already in use
2024-11-28 12:39:31 0 [ERROR] Do you already have another server running on port: 3306 ?
2024-11-28 12:39:31 0 [ERROR] Aborting
2024-11-28 14:05:25 0 [Note] Starting MariaDB 10.11.4-MariaDB source revision 4e2b93dffef2414a11ca5edc8d215f57ee5010e5 as process 28843
2024-11-28 14:05:25 0 [Note] InnoDB: Compressed tables use zlib 1.2.13
2024-11-28 14:05:25 0 [Note] InnoDB: Number of transaction pools: 1
2024-11-28 14:05:25 0 [Note] InnoDB: Using generic crc32 instructions
2024-11-28 14:05:25 0 [Note] libmariadbd-10.11.4.so: O_TMPFILE is not supported on /storage/emulated/0/Venter/HopWeb/Projects/Finals_WebProg/.hopweb/mysql/tmp (disabling future attempts)
2024-11-28 14:05:25 0 [Note] InnoDB: Initializing buffer pool, total size = 128.000MiB, chunk size = 2.000MiB
2024-11-28 14:05:25 0 [Note] InnoDB: Completed initialization of buffer pool
2024-11-28 14:05:25 0 [Note] InnoDB: Buffered log writes (block size=512 bytes)
2024-11-28 14:05:26 0 [Note] InnoDB: 128 rollback segments are active.
2024-11-28 14:05:26 0 [Note] InnoDB: Setting file './ibtmp1' size to 12.000MiB. Physically writing the file full; Please wait ...
2024-11-28 14:05:26 0 [Note] InnoDB: File './ibtmp1' size is now 12.000MiB.
2024-11-28 14:05:26 0 [Note] InnoDB: log sequence number 47062; transaction id 16
2024-11-28 14:05:26 0 [Note] Plugin 'FEEDBACK' is disabled.
2024-11-28 14:05:26 0 [Note] InnoDB: Loading buffer pool(s) from /storage/emulated/0/Venter/HopWeb/Projects/Finals_WebProg/.hopweb/mysql/data/ib_buffer_pool
2024-11-28 14:05:26 0 [Note] InnoDB: Buffer pool(s) load completed at 241128 14:05:26
2024-11-28 14:05:26 0 [Note] Server socket created on IP: '::'.
2024-11-28 14:05:26 0 [Note] Server socket created on IP: '0.0.0.0'.
2024-11-28 14:05:26 0 [Note] /data/app/~~KwEXWKRUf1pV6yR9Pl1yTg==/com.venter.hopweb-CZJISu5VxE23_IS0qLEeIw==/lib/arm64/libmariadbd-10.11.4.so: ready for connections.
Version: '10.11.4-MariaDB'  socket: '/data/data/com.venter.hopweb/files/mysql/mysql.sock'  port: 3306  MariaDB Server
2024-11-28 21:03:54 0 [Note] Starting MariaDB 10.11.4-MariaDB source revision 4e2b93dffef2414a11ca5edc8d215f57ee5010e5 as process 20419
2024-11-28 21:03:54 0 [Note] InnoDB: Compressed tables use zlib 1.2.13
2024-11-28 21:03:54 0 [Note] InnoDB: Number of transaction pools: 1
2024-11-28 21:03:54 0 [Note] InnoDB: Using generic crc32 instructions
2024-11-28 21:03:54 0 [Note] libmariadbd-10.11.4.so: O_TMPFILE is not supported on /storage/emulated/0/Venter/HopWeb/Projects/Finals_WebProg/.hopweb/mysql/tmp (disabling future attempts)
2024-11-28 21:03:54 0 [Note] InnoDB: Initializing buffer pool, total size = 128.000MiB, chunk size = 2.000MiB
2024-11-28 21:03:54 0 [Note] InnoDB: Completed initialization of buffer pool
2024-11-28 21:03:54 0 [Note] InnoDB: Buffered log writes (block size=512 bytes)
2024-11-28 21:03:54 0 [Note] InnoDB: 128 rollback segments are active.
2024-11-28 21:03:54 0 [Note] InnoDB: Removed temporary tablespace data file: "./ibtmp1"
2024-11-28 21:03:54 0 [Note] InnoDB: Setting file './ibtmp1' size to 12.000MiB. Physically writing the file full; Please wait ...
2024-11-28 21:03:54 0 [Note] InnoDB: File './ibtmp1' size is now 12.000MiB.
2024-11-28 21:03:54 0 [Note] InnoDB: log sequence number 47062; transaction id 16
2024-11-28 21:03:54 0 [Note] Plugin 'FEEDBACK' is disabled.
2024-11-28 21:03:54 0 [Note] InnoDB: Loading buffer pool(s) from /storage/emulated/0/Venter/HopWeb/Projects/Finals_WebProg/.hopweb/mysql/data/ib_buffer_pool
2024-11-28 21:03:54 0 [Note] InnoDB: Buffer pool(s) load completed at 241128 21:03:54
2024-11-28 21:03:54 0 [Note] Server socket created on IP: '::'.
2024-11-28 21:03:54 0 [ERROR] Can't start server: Bind on TCP/IP port. Got error: 98: Address already in use
2024-11-28 21:03:54 0 [ERROR] Do you already have another server running on port: 3306 ?
2024-11-28 21:03:54 0 [ERROR] Aborting
2024-11-28 21:58:47 0 [Note] Starting MariaDB 10.11.4-MariaDB source revision 4e2b93dffef2414a11ca5edc8d215f57ee5010e5 as process 2629
2024-11-28 21:58:47 0 [Note] InnoDB: Compressed tables use zlib 1.2.13
2024-11-28 21:58:47 0 [Note] InnoDB: Number of transaction pools: 1
2024-11-28 21:58:47 0 [Note] InnoDB: Using generic crc32 instructions
2024-11-28 21:58:47 0 [Note] libmariadbd-10.11.4.so: O_TMPFILE is not supported on /storage/emulated/0/Venter/HopWeb/Projects/Finals_WebProg/.hopweb/mysql/tmp (disabling future attempts)
2024-11-28 21:58:47 0 [Note] InnoDB: Initializing buffer pool, total size = 128.000MiB, chunk size = 2.000MiB
2024-11-28 21:58:47 0 [Note] InnoDB: Completed initialization of buffer pool
2024-11-28 21:58:47 0 [Note] InnoDB: Buffered log writes (block size=512 bytes)
2024-11-28 21:58:47 0 [Note] InnoDB: 128 rollback segments are active.
2024-11-28 21:58:47 0 [Note] InnoDB: Setting file './ibtmp1' size to 12.000MiB. Physically writing the file full; Please wait ...
2024-11-28 21:58:47 0 [Note] InnoDB: File './ibtmp1' size is now 12.000MiB.
2024-11-28 21:58:47 0 [Note] InnoDB: log sequence number 47062; transaction id 16
2024-11-28 21:58:47 0 [Note] Plugin 'FEEDBACK' is disabled.
2024-11-28 21:58:47 0 [Note] InnoDB: Loading buffer pool(s) from /storage/emulated/0/Venter/HopWeb/Projects/Finals_WebProg/.hopweb/mysql/data/ib_buffer_pool
2024-11-28 21:58:47 0 [Note] InnoDB: Buffer pool(s) load completed at 241128 21:58:47
2024-11-28 21:58:47 0 [Note] Server socket created on IP: '::'.
2024-11-28 21:58:47 0 [ERROR] Can't start server: Bind on TCP/IP port. Got error: 98: Address already in use
2024-11-28 21:58:47 0 [ERROR] Do you already have another server running on port: 3306 ?
2024-11-28 21:58:47 0 [ERROR] Aborting
2024-11-29  6:36:55 0 [Note] Starting MariaDB 10.11.4-MariaDB source revision 4e2b93dffef2414a11ca5edc8d215f57ee5010e5 as process 16699
2024-11-29  6:36:56 0 [Note] InnoDB: Compressed tables use zlib 1.2.13
2024-11-29  6:36:56 0 [Note] InnoDB: Number of transaction pools: 1
2024-11-29  6:36:56 0 [Note] InnoDB: Using generic crc32 instructions
2024-11-29  6:36:56 0 [Note] libmariadbd-10.11.4.so: O_TMPFILE is not supported on /storage/emulated/0/Venter/HopWeb/Projects/Finals_WebProg/.hopweb/mysql/tmp (disabling future attempts)
2024-11-29  6:36:56 0 [Note] InnoDB: Initializing buffer pool, total size = 128.000MiB, chunk size = 2.000MiB
2024-11-29  6:36:56 0 [Note] InnoDB: Completed initialization of buffer pool
2024-11-29  6:36:56 0 [Note] InnoDB: Buffered log writes (block size=512 bytes)
2024-11-29  6:36:56 0 [Note] InnoDB: 128 rollback segments are active.
2024-11-29  6:36:56 0 [Note] InnoDB: Setting file './ibtmp1' size to 12.000MiB. Physically writing the file full; Please wait ...
2024-11-29  6:36:56 0 [Note] InnoDB: File './ibtmp1' size is now 12.000MiB.
2024-11-29  6:36:56 0 [Note] InnoDB: log sequence number 47062; transaction id 16
2024-11-29  6:36:56 0 [Note] Plugin 'FEEDBACK' is disabled.
2024-11-29  6:36:56 0 [Note] InnoDB: Loading buffer pool(s) from /storage/emulated/0/Venter/HopWeb/Projects/Finals_WebProg/.hopweb/mysql/data/ib_buffer_pool
2024-11-29  6:36:56 0 [Note] InnoDB: Buffer pool(s) load completed at 241129  6:36:56
2024-11-29  6:36:56 0 [Note] Server socket created on IP: '::'.
2024-11-29  6:36:56 0 [Note] Server socket created on IP: '0.0.0.0'.
2024-11-29  6:36:56 0 [Note] /data/app/~~KwEXWKRUf1pV6yR9Pl1yTg==/com.venter.hopweb-CZJISu5VxE23_IS0qLEeIw==/lib/arm64/libmariadbd-10.11.4.so: ready for connections.
Version: '10.11.4-MariaDB'  socket: '/data/data/com.venter.hopweb/files/mysql/mysql.sock'  port: 3306  MariaDB Server
2024-11-29  7:16:33 0 [Note] Starting MariaDB 10.11.4-MariaDB source revision 4e2b93dffef2414a11ca5edc8d215f57ee5010e5 as process 23295
2024-11-29  7:16:33 0 [Note] InnoDB: Compressed tables use zlib 1.2.13
2024-11-29  7:16:33 0 [Note] InnoDB: Number of transaction pools: 1
2024-11-29  7:16:33 0 [Note] InnoDB: Using generic crc32 instructions
2024-11-29  7:16:33 0 [Note] libmariadbd-10.11.4.so: O_TMPFILE is not supported on /storage/emulated/0/Venter/HopWeb/Projects/Finals_WebProg/.hopweb/mysql/tmp (disabling future attempts)
2024-11-29  7:16:34 0 [Note] InnoDB: Initializing buffer pool, total size = 128.000MiB, chunk size = 2.000MiB
2024-11-29  7:16:34 0 [Note] InnoDB: Completed initialization of buffer pool
2024-11-29  7:16:34 0 [Note] InnoDB: Buffered log writes (block size=512 bytes)
2024-11-29  7:16:34 0 [Note] InnoDB: 128 rollback segments are active.
2024-11-29  7:16:34 0 [Note] InnoDB: Removed temporary tablespace data file: "./ibtmp1"
2024-11-29  7:16:34 0 [Note] InnoDB: Setting file './ibtmp1' size to 12.000MiB. Physically writing the file full; Please wait ...
2024-11-29  7:16:34 0 [Note] InnoDB: File './ibtmp1' size is now 12.000MiB.
2024-11-29  7:16:34 0 [Note] InnoDB: log sequence number 47062; transaction id 16
2024-11-29  7:16:34 0 [Note] Plugin 'FEEDBACK' is disabled.
2024-11-29  7:16:34 0 [Note] InnoDB: Loading buffer pool(s) from /storage/emulated/0/Venter/HopWeb/Projects/Finals_WebProg/.hopweb/mysql/data/ib_buffer_pool
2024-11-29  7:16:34 0 [Note] InnoDB: Buffer pool(s) load completed at 241129  7:16:34
2024-11-29  7:16:34 0 [Note] Server socket created on IP: '::'.
2024-11-29  7:16:34 0 [Note] Server socket created on IP: '0.0.0.0'.
2024-11-29  7:16:34 0 [Note] /data/app/~~KwEXWKRUf1pV6yR9Pl1yTg==/com.venter.hopweb-CZJISu5VxE23_IS0qLEeIw==/lib/arm64/libmariadbd-10.11.4.so: ready for connections.
Version: '10.11.4-MariaDB'  socket: '/data/data/com.venter.hopweb/files/mysql/mysql.sock'  port: 3306  MariaDB Server
2024-11-29  8:45:43 0 [Note] Starting MariaDB 10.11.4-MariaDB source revision 4e2b93dffef2414a11ca5edc8d215f57ee5010e5 as process 12813
2024-11-29  8:45:43 0 [Note] InnoDB: Compressed tables use zlib 1.2.13
2024-11-29  8:45:43 0 [Note] InnoDB: Number of transaction pools: 1
2024-11-29  8:45:43 0 [Note] InnoDB: Using generic crc32 instructions
2024-11-29  8:45:43 0 [Note] libmariadbd-10.11.4.so: O_TMPFILE is not supported on /storage/emulated/0/Venter/HopWeb/Projects/Finals_WebProg/.hopweb/mysql/tmp (disabling future attempts)
2024-11-29  8:45:43 0 [Note] InnoDB: Initializing buffer pool, total size = 128.000MiB, chunk size = 2.000MiB
2024-11-29  8:45:43 0 [Note] InnoDB: Completed initialization of buffer pool
2024-11-29  8:45:43 0 [Note] InnoDB: Buffered log writes (block size=512 bytes)
2024-11-29  8:45:44 0 [Note] InnoDB: 128 rollback segments are active.
2024-11-29  8:45:44 0 [Note] InnoDB: Removed temporary tablespace data file: "./ibtmp1"
2024-11-29  8:45:44 0 [Note] InnoDB: Setting file './ibtmp1' size to 12.000MiB. Physically writing the file full; Please wait ...
2024-11-29  8:45:44 0 [Note] InnoDB: File './ibtmp1' size is now 12.000MiB.
2024-11-29  8:45:44 0 [Note] InnoDB: log sequence number 47062; transaction id 16
2024-11-29  8:45:44 0 [Note] Plugin 'FEEDBACK' is disabled.
2024-11-29  8:45:44 0 [Note] InnoDB: Loading buffer pool(s) from /storage/emulated/0/Venter/HopWeb/Projects/Finals_WebProg/.hopweb/mysql/data/ib_buffer_pool
2024-11-29  8:45:44 0 [Note] InnoDB: Buffer pool(s) load completed at 241129  8:45:44
2024-11-29  8:45:44 0 [Note] Server socket created on IP: '::'.
2024-11-29  8:45:44 0 [Note] Server socket created on IP: '0.0.0.0'.
2024-11-29  8:45:44 0 [Note] /data/app/~~KwEXWKRUf1pV6yR9Pl1yTg==/com.venter.hopweb-CZJISu5VxE23_IS0qLEeIw==/lib/arm64/libmariadbd-10.11.4.so: ready for connections.
Version: '10.11.4-MariaDB'  socket: '/data/data/com.venter.hopweb/files/mysql/mysql.sock'  port: 3306  MariaDB Server
2024-11-29 11:46:22 0 [Note] Starting MariaDB 10.11.4-MariaDB source revision 4e2b93dffef2414a11ca5edc8d215f57ee5010e5 as process 16417
2024-11-29 11:46:22 0 [Note] InnoDB: Compressed tables use zlib 1.2.13
2024-11-29 11:46:22 0 [Note] InnoDB: Number of transaction pools: 1
2024-11-29 11:46:22 0 [Note] InnoDB: Using generic crc32 instructions
2024-11-29 11:46:22 0 [Note] libmariadbd-10.11.4.so: O_TMPFILE is not supported on /storage/emulated/0/Venter/HopWeb/Projects/Finals_WebProg/.hopweb/mysql/tmp (disabling future attempts)
2024-11-29 11:46:22 0 [Note] InnoDB: Initializing buffer pool, total size = 128.000MiB, chunk size = 2.000MiB
2024-11-29 11:46:22 0 [Note] InnoDB: Completed initialization of buffer pool
2024-11-29 11:46:22 0 [Note] InnoDB: Buffered log writes (block size=512 bytes)
2024-11-29 11:46:22 0 [Note] InnoDB: 128 rollback segments are active.
2024-11-29 11:46:22 0 [Note] InnoDB: Removed temporary tablespace data file: "./ibtmp1"
2024-11-29 11:46:22 0 [Note] InnoDB: Setting file './ibtmp1' size to 12.000MiB. Physically writing the file full; Please wait ...
2024-11-29 11:46:22 0 [Note] InnoDB: File './ibtmp1' size is now 12.000MiB.
2024-11-29 11:46:22 0 [Note] InnoDB: log sequence number 47062; transaction id 16
2024-11-29 11:46:22 0 [Note] Plugin 'FEEDBACK' is disabled.
2024-11-29 11:46:22 0 [Note] InnoDB: Loading buffer pool(s) from /storage/emulated/0/Venter/HopWeb/Projects/Finals_WebProg/.hopweb/mysql/data/ib_buffer_pool
2024-11-29 11:46:22 0 [Note] InnoDB: Buffer pool(s) load completed at 241129 11:46:22
2024-11-29 11:46:22 0 [Note] Server socket created on IP: '::'.
2024-11-29 11:46:22 0 [Note] Server socket created on IP: '0.0.0.0'.
2024-11-29 11:46:22 0 [Note] /data/app/~~KwEXWKRUf1pV6yR9Pl1yTg==/com.venter.hopweb-CZJISu5VxE23_IS0qLEeIw==/lib/arm64/libmariadbd-10.11.4.so: ready for connections.
Version: '10.11.4-MariaDB'  socket: '/data/data/com.venter.hopweb/files/mysql/mysql.sock'  port: 3306  MariaDB Server
2024-11-29 18:38:46 0 [Note] Starting MariaDB 10.11.4-MariaDB source revision 4e2b93dffef2414a11ca5edc8d215f57ee5010e5 as process 19885
2024-11-29 18:38:46 0 [Note] InnoDB: Compressed tables use zlib 1.2.13
2024-11-29 18:38:46 0 [Note] InnoDB: Number of transaction pools: 1
2024-11-29 18:38:46 0 [Note] InnoDB: Using generic crc32 instructions
2024-11-29 18:38:46 0 [Note] libmariadbd-10.11.4.so: O_TMPFILE is not supported on /storage/emulated/0/Venter/HopWeb/Projects/Finals_WebProg/.hopweb/mysql/tmp (disabling future attempts)
2024-11-29 18:38:46 0 [Note] InnoDB: Initializing buffer pool, total size = 128.000MiB, chunk size = 2.000MiB
2024-11-29 18:38:46 0 [Note] InnoDB: Completed initialization of buffer pool
2024-11-29 18:38:46 0 [Note] InnoDB: Buffered log writes (block size=512 bytes)
2024-11-29 18:38:46 0 [Note] InnoDB: 128 rollback segments are active.
2024-11-29 18:38:46 0 [Note] InnoDB: Removed temporary tablespace data file: "./ibtmp1"
2024-11-29 18:38:46 0 [Note] InnoDB: Setting file './ibtmp1' size to 12.000MiB. Physically writing the file full; Please wait ...
2024-11-29 18:38:46 0 [Note] InnoDB: File './ibtmp1' size is now 12.000MiB.
2024-11-29 18:38:46 0 [Note] InnoDB: log sequence number 47062; transaction id 16
2024-11-29 18:38:46 0 [Note] Plugin 'FEEDBACK' is disabled.
2024-11-29 18:38:46 0 [Note] InnoDB: Loading buffer pool(s) from /storage/emulated/0/Venter/HopWeb/Projects/Finals_WebProg/.hopweb/mysql/data/ib_buffer_pool
2024-11-29 18:38:46 0 [Note] InnoDB: Buffer pool(s) load completed at 241129 18:38:46
2024-11-29 18:38:46 0 [Note] Server socket created on IP: '::'.
2024-11-29 18:38:46 0 [ERROR] Can't start server: Bind on TCP/IP port. Got error: 98: Address already in use
2024-11-29 18:38:46 0 [ERROR] Do you already have another server running on port: 3306 ?
2024-11-29 18:38:46 0 [ERROR] Aborting
2024-11-29 20:10:44 0 [Note] Starting MariaDB 10.11.4-MariaDB source revision 4e2b93dffef2414a11ca5edc8d215f57ee5010e5 as process 14928
2024-11-29 20:10:44 0 [Note] InnoDB: Compressed tables use zlib 1.2.13
2024-11-29 20:10:44 0 [Note] InnoDB: Number of transaction pools: 1
2024-11-29 20:10:44 0 [Note] InnoDB: Using generic crc32 instructions
2024-11-29 20:10:44 0 [Note] libmariadbd-10.11.4.so: O_TMPFILE is not supported on /storage/emulated/0/Venter/HopWeb/Projects/Finals_WebProg/.hopweb/mysql/tmp (disabling future attempts)
2024-11-29 20:10:44 0 [Note] InnoDB: Initializing buffer pool, total size = 128.000MiB, chunk size = 2.000MiB
2024-11-29 20:10:44 0 [Note] InnoDB: Completed initialization of buffer pool
2024-11-29 20:10:44 0 [Note] InnoDB: Buffered log writes (block size=512 bytes)
2024-11-29 20:10:44 0 [Note] InnoDB: 128 rollback segments are active.
2024-11-29 20:10:44 0 [Note] InnoDB: Setting file './ibtmp1' size to 12.000MiB. Physically writing the file full; Please wait ...
2024-11-29 20:10:44 0 [Note] InnoDB: File './ibtmp1' size is now 12.000MiB.
2024-11-29 20:10:44 0 [Note] InnoDB: log sequence number 47062; transaction id 16
2024-11-29 20:10:44 0 [Note] Plugin 'FEEDBACK' is disabled.
2024-11-29 20:10:44 0 [Note] InnoDB: Loading buffer pool(s) from /storage/emulated/0/Venter/HopWeb/Projects/Finals_WebProg/.hopweb/mysql/data/ib_buffer_pool
2024-11-29 20:10:44 0 [Note] InnoDB: Buffer pool(s) load completed at 241129 20:10:44
2024-11-29 20:10:44 0 [Note] Server socket created on IP: '::'.
2024-11-29 20:10:44 0 [ERROR] Can't start server: Bind on TCP/IP port. Got error: 98: Address already in use
2024-11-29 20:10:44 0 [ERROR] Do you already have another server running on port: 3306 ?
2024-11-29 20:10:44 0 [ERROR] Aborting
2024-11-29 20:14:23 0 [Note] Starting MariaDB 10.11.4-MariaDB source revision 4e2b93dffef2414a11ca5edc8d215f57ee5010e5 as process 16072
2024-11-29 20:14:23 0 [Note] InnoDB: Compressed tables use zlib 1.2.13
2024-11-29 20:14:23 0 [Note] InnoDB: Number of transaction pools: 1
2024-11-29 20:14:23 0 [Note] InnoDB: Using generic crc32 instructions
2024-11-29 20:14:23 0 [Note] libmariadbd-10.11.4.so: O_TMPFILE is not supported on /storage/emulated/0/Venter/HopWeb/Projects/Finals_WebProg/.hopweb/mysql/tmp (disabling future attempts)
2024-11-29 20:14:23 0 [Note] InnoDB: Initializing buffer pool, total size = 128.000MiB, chunk size = 2.000MiB
2024-11-29 20:14:23 0 [Note] InnoDB: Completed initialization of buffer pool
2024-11-29 20:14:23 0 [Note] InnoDB: Buffered log writes (block size=512 bytes)
2024-11-29 20:14:23 0 [Note] InnoDB: 128 rollback segments are active.
2024-11-29 20:14:23 0 [Note] InnoDB: Setting file './ibtmp1' size to 12.000MiB. Physically writing the file full; Please wait ...
2024-11-29 20:14:23 0 [Note] InnoDB: File './ibtmp1' size is now 12.000MiB.
2024-11-29 20:14:23 0 [Note] InnoDB: log sequence number 47062; transaction id 16
2024-11-29 20:14:23 0 [Note] Plugin 'FEEDBACK' is disabled.
2024-11-29 20:14:23 0 [Note] InnoDB: Loading buffer pool(s) from /storage/emulated/0/Venter/HopWeb/Projects/Finals_WebProg/.hopweb/mysql/data/ib_buffer_pool
2024-11-29 20:14:23 0 [Note] InnoDB: Buffer pool(s) load completed at 241129 20:14:23
2024-11-29 20:14:23 0 [Note] Server socket created on IP: '::'.
2024-11-29 20:14:23 0 [ERROR] Can't start server: Bind on TCP/IP port. Got error: 98: Address already in use
2024-11-29 20:14:23 0 [ERROR] Do you already have another server running on port: 3306 ?
2024-11-29 20:14:23 0 [ERROR] Aborting
2024-11-29 20:15:38 0 [Note] Starting MariaDB 10.11.4-MariaDB source revision 4e2b93dffef2414a11ca5edc8d215f57ee5010e5 as process 16659
2024-11-29 20:15:38 0 [Note] InnoDB: Compressed tables use zlib 1.2.13
2024-11-29 20:15:38 0 [Note] InnoDB: Number of transaction pools: 1
2024-11-29 20:15:38 0 [Note] InnoDB: Using generic crc32 instructions
2024-11-29 20:15:38 0 [Note] libmariadbd-10.11.4.so: O_TMPFILE is not supported on /storage/emulated/0/Venter/HopWeb/Projects/Finals_WebProg/.hopweb/mysql/tmp (disabling future attempts)
2024-11-29 20:15:38 0 [Note] InnoDB: Initializing buffer pool, total size = 128.000MiB, chunk size = 2.000MiB
2024-11-29 20:15:38 0 [Note] InnoDB: Completed initialization of buffer pool
2024-11-29 20:15:38 0 [Note] InnoDB: Buffered log writes (block size=512 bytes)
2024-11-29 20:15:38 0 [Note] InnoDB: 128 rollback segments are active.
2024-11-29 20:15:38 0 [Note] InnoDB: Setting file './ibtmp1' size to 12.000MiB. Physically writing the file full; Please wait ...
2024-11-29 20:15:38 0 [Note] InnoDB: File './ibtmp1' size is now 12.000MiB.
2024-11-29 20:15:38 0 [Note] InnoDB: log sequence number 47062; transaction id 16
2024-11-29 20:15:38 0 [Note] Plugin 'FEEDBACK' is disabled.
2024-11-29 20:15:38 0 [Note] InnoDB: Loading buffer pool(s) from /storage/emulated/0/Venter/HopWeb/Projects/Finals_WebProg/.hopweb/mysql/data/ib_buffer_pool
2024-11-29 20:15:38 0 [Note] InnoDB: Buffer pool(s) load completed at 241129 20:15:38
2024-11-29 20:15:38 0 [Note] Server socket created on IP: '::'.
2024-11-29 20:15:38 0 [ERROR] Can't start server: Bind on TCP/IP port. Got error: 98: Address already in use
2024-11-29 20:15:38 0 [ERROR] Do you already have another server running on port: 3306 ?
2024-11-29 20:15:38 0 [ERROR] Aborting
